<?xml version="1.0" encoding="UTF-8"?>
<testng-results skipped="0" failed="0" ignored="0" total="1" passed="1">
  <reporter-output>
  </reporter-output>
  <suite name="Suite" duration-ms="21622" started-at="2022-11-23T12:06:49Z" finished-at="2022-11-23T12:07:10Z">
    <groups>
    </groups>
    <test name="Test" duration-ms="21622" started-at="2022-11-23T12:06:49Z" finished-at="2022-11-23T12:07:10Z">
      <class name="org.altoro.ValidCredential">
        <test-method status="PASS" signature="validLogin(java.lang.String, java.lang.String, java.lang.String, java.lang.String)[pri:0, instance:org.altoro.ValidCredential@1e397ed7]" name="validLogin" duration-ms="21528" started-at="2022-11-23T12:06:49Z" finished-at="2022-11-23T12:07:10Z">
          <params>
            <param index="0">
              <value>
                <![CDATA[admin]]>
              </value>
            </param>
            <param index="1">
              <value>
                <![CDATA[admin]]>
              </value>
            </param>
            <param index="2">
              <value>
                <![CDATA[demo_user]]>
              </value>
            </param>
            <param index="3">
              <value>
                <![CDATA[demo_password]]>
              </value>
            </param>
          </params>
          <reporter-output>
          </reporter-output>
        </test-method> <!-- validLogin -->
      </class> <!-- org.altoro.ValidCredential -->
    </test> <!-- Test -->
  </suite> <!-- Suite -->
</testng-results>
